c:\users\1701326\desktop\groupproject-master\groupproject-master\スイングバイ\スイングバイ\debug\vc141.pdb
c:\users\1701326\desktop\groupproject-master\groupproject-master\スイングバイ\スイングバイ\debug\vc141.idb
c:\users\1701326\desktop\groupproject-master\groupproject-master\スイングバイ\スイングバイ\debug\main.obj
c:\users\1701326\desktop\groupproject-master\groupproject-master\スイングバイ\スイングバイ\debug\vector3.obj
c:\users\1701326\desktop\groupproject-master\groupproject-master\スイングバイ\スイングバイ\debug\vector2.obj
c:\users\1701326\desktop\groupproject-master\groupproject-master\スイングバイ\スイングバイ\debug\player.obj
c:\users\1701326\desktop\groupproject-master\groupproject-master\スイングバイ\スイングバイ\debug\obj.obj
c:\users\1701326\desktop\groupproject-master\groupproject-master\スイングバイ\スイングバイ\debug\keymng.obj
c:\users\1701326\desktop\groupproject-master\groupproject-master\スイングバイ\スイングバイ\debug\imagemng.obj
c:\users\1701326\desktop\groupproject-master\groupproject-master\スイングバイ\スイングバイ\debug\gametask.obj
c:\users\1701326\desktop\groupproject-master\groupproject-master\スイングバイ\スイングバイ\debug\background.obj
c:\users\1701326\desktop\groupproject-master\groupproject-master\スイングバイ\debug\スイングバイ.ilk
c:\users\1701326\desktop\groupproject-master\groupproject-master\スイングバイ\debug\スイングバイ.exe
c:\users\1701326\desktop\groupproject-master\groupproject-master\スイングバイ\debug\スイングバイ.pdb
c:\users\1701326\desktop\groupproject-master\groupproject-master\スイングバイ\スイングバイ\debug\スイングバイ.tlog\cl.command.1.tlog
c:\users\1701326\desktop\groupproject-master\groupproject-master\スイングバイ\スイングバイ\debug\スイングバイ.tlog\cl.read.1.tlog
c:\users\1701326\desktop\groupproject-master\groupproject-master\スイングバイ\スイングバイ\debug\スイングバイ.tlog\cl.write.1.tlog
c:\users\1701326\desktop\groupproject-master\groupproject-master\スイングバイ\スイングバイ\debug\スイングバイ.tlog\link.command.1.tlog
c:\users\1701326\desktop\groupproject-master\groupproject-master\スイングバイ\スイングバイ\debug\スイングバイ.tlog\link.read.1.tlog
c:\users\1701326\desktop\groupproject-master\groupproject-master\スイングバイ\スイングバイ\debug\スイングバイ.tlog\link.write.1.tlog
